<?xml version="1.0" encoding="UTF-8"?>
<!-- Generated by org.testng.reporters.JUnitReportReporter -->
<testsuite hostname="DESKTOP-SUMFKHE" failures="0" tests="1" name="testCases.TC002_LoginTest" time="2.564" errors="0" timestamp="2025-10-30T17:31:15 IST" skipped="0">
  <testcase classname="testCases.TC002_LoginTest" name="loginTest" time="2.564"/>
</testsuite> <!-- testCases.TC002_LoginTest -->
