<?xml version="1.0" encoding="UTF-8"?>
<!-- Generated by org.testng.reporters.JUnitReportReporter -->
<testsuite hostname="DESKTOP-SUMFKHE" failures="0" tests="4" name="testCases.TC003_LoginDDT" time="26.303" errors="0" timestamp="2025-10-30T14:13:20 IST" skipped="0">
  <testcase classname="testCases.TC003_LoginDDT" name="loginTest" time="1.831"/>
  <testcase classname="testCases.TC003_LoginDDT" name="loginTest" time="2.076"/>
  <testcase classname="testCases.TC003_LoginDDT" name="loginTest" time="11.215"/>
  <testcase classname="testCases.TC003_LoginDDT" name="loginTest" time="11.181"/>
</testsuite> <!-- testCases.TC003_LoginDDT -->
