<?xml version="1.0" encoding="UTF-8"?>
<!-- Generated by org.testng.reporters.JUnitReportReporter -->
<testsuite hostname="DESKTOP-SUMFKHE" failures="0" tests="4" name="testCases.TC003_LoginDDT" time="26.442" errors="0" timestamp="2025-10-30T17:27:22 IST" skipped="0">
  <testcase classname="testCases.TC003_LoginDDT" name="loginTest" time="1.726"/>
  <testcase classname="testCases.TC003_LoginDDT" name="loginTest" time="2.093"/>
  <testcase classname="testCases.TC003_LoginDDT" name="loginTest" time="11.368"/>
  <testcase classname="testCases.TC003_LoginDDT" name="loginTest" time="11.255"/>
</testsuite> <!-- testCases.TC003_LoginDDT -->
